<?xml version="1.0" encoding="UTF-8"?>
<coverage generated="1761635996881" clover="3.2.0">
  <project timestamp="1761635996881" name="All files">
    <metrics statements="16" coveredstatements="16" conditionals="13" coveredconditionals="13" methods="7" coveredmethods="7" elements="36" coveredelements="36" complexity="0" loc="16" ncloc="16" packages="2" files="4" classes="4"/>
    <package name="app.(home)">
      <metrics statements="6" coveredstatements="6" conditionals="10" coveredconditionals="10" methods="4" coveredmethods="4"/>
      <file name="index.tsx" path="/Users/codexanb015/Documents/Project/expo-project/simple-crud/app/(home)/index.tsx">
        <metrics statements="6" coveredstatements="6" conditionals="10" coveredconditionals="10" methods="4" coveredmethods="4"/>
        <line num="15" count="3" type="stmt"/>
        <line num="16" count="3" type="stmt"/>
        <line num="53" count="1" type="stmt"/>
        <line num="55" count="1" type="stmt"/>
        <line num="56" count="1" type="stmt"/>
        <line num="73" count="1" type="stmt"/>
      </file>
    </package>
    <package name="components">
      <metrics statements="10" coveredstatements="10" conditionals="3" coveredconditionals="3" methods="3" coveredmethods="3"/>
      <file name="Button.tsx" path="/Users/codexanb015/Documents/Project/expo-project/simple-crud/components/Button.tsx">
        <metrics statements="4" coveredstatements="4" conditionals="3" coveredconditionals="3" methods="1" coveredmethods="1"/>
        <line num="17" count="1" type="stmt"/>
        <line num="23" count="6" type="cond" truecount="2" falsecount="0"/>
        <line num="24" count="6" type="stmt"/>
        <line num="36" count="1" type="stmt"/>
      </file>
      <file name="DeleteModal.tsx" path="/Users/codexanb015/Documents/Project/expo-project/simple-crud/components/DeleteModal.tsx">
        <metrics statements="3" coveredstatements="3" conditionals="0" coveredconditionals="0" methods="1" coveredmethods="1"/>
        <line num="11" count="1" type="stmt"/>
        <line num="17" count="3" type="stmt"/>
        <line num="44" count="1" type="stmt"/>
      </file>
      <file name="ListItem.tsx" path="/Users/codexanb015/Documents/Project/expo-project/simple-crud/components/ListItem.tsx">
        <metrics statements="3" coveredstatements="3" conditionals="0" coveredconditionals="0" methods="1" coveredmethods="1"/>
        <line num="12" count="1" type="stmt"/>
        <line num="13" count="1" type="stmt"/>
        <line num="29" count="1" type="stmt"/>
      </file>
    </package>
  </project>
</coverage>
