{"/Users/codexanb015/Documents/Project/expo-project/simple-crud/app/(home)/index.tsx": {"path":"/Users/codexanb015/Documents/Project/expo-project/simple-crud/app/(home)/index.tsx","statementMap":{"0":{"start":{"line":15,"column":30},"end":{"line":15,"column":39}},"1":{"start":{"line":16,"column":2},"end":{"line":70,"column":4}},"2":{"start":{"line":53,"column":12},"end":{"line":57,"column":14}},"3":{"start":{"line":55,"column":30},"end":{"line":55,"column":57}},"4":{"start":{"line":56,"column":28},"end":{"line":56,"column":58}},"5":{"start":{"line":73,"column":15},"end":{"line":94,"column":2}}},"fnMap":{"0":{"name":"Home","decl":{"start":{"line":14,"column":24},"end":{"line":14,"column":28}},"loc":{"start":{"line":14,"column":31},"end":{"line":71,"column":1}},"line":14},"1":{"name":"(anonymous_1)","decl":{"start":{"line":52,"column":22},"end":{"line":52,"column":23}},"loc":{"start":{"line":53,"column":12},"end":{"line":57,"column":14}},"line":53},"2":{"name":"(anonymous_2)","decl":{"start":{"line":55,"column":24},"end":{"line":55,"column":25}},"loc":{"start":{"line":55,"column":30},"end":{"line":55,"column":57}},"line":55},"3":{"name":"(anonymous_3)","decl":{"start":{"line":56,"column":22},"end":{"line":56,"column":23}},"loc":{"start":{"line":56,"column":28},"end":{"line":56,"column":58}},"line":56}},"branchMap":{"0":{"loc":{"start":{"line":29,"column":7},"end":{"line":36,"column":7}},"type":"binary-expr","locations":[{"start":{"line":29,"column":7},"end":{"line":29,"column":21}},{"start":{"line":30,"column":8},"end":{"line":35,"column":10}}],"line":29},"1":{"loc":{"start":{"line":38,"column":7},"end":{"line":47,"column":7}},"type":"binary-expr","locations":[{"start":{"line":38,"column":7},"end":{"line":38,"column":22}},{"start":{"line":38,"column":26},"end":{"line":38,"column":38}},{"start":{"line":39,"column":8},"end":{"line":46,"column":15}}],"line":38},"2":{"loc":{"start":{"line":49,"column":7},"end":{"line":61,"column":7}},"type":"binary-expr","locations":[{"start":{"line":49,"column":7},"end":{"line":49,"column":22}},{"start":{"line":49,"column":26},"end":{"line":49,"column":39}},{"start":{"line":50,"column":8},"end":{"line":60,"column":10}}],"line":49},"3":{"loc":{"start":{"line":67,"column":22},"end":{"line":67,"column":66}},"type":"binary-expr","locations":[{"start":{"line":67,"column":22},"end":{"line":67,"column":60}},{"start":{"line":67,"column":64},"end":{"line":67,"column":66}}],"line":67}},"s":{"0":3,"1":3,"2":1,"3":1,"4":1,"5":1},"f":{"0":3,"1":1,"2":1,"3":1},"b":{"0":[3,1],"1":[3,2,1],"2":[3,2,1],"3":[3,3]},"_coverageSchema":"1a1c01bbd47fc00a2c39e90264f33305004495a9","hash":"8c635d6c37823c9787d194287f927c4e339acc5c"}
,"/Users/codexanb015/Documents/Project/expo-project/simple-crud/components/Button.tsx": {"path":"/Users/codexanb015/Documents/Project/expo-project/simple-crud/components/Button.tsx","statementMap":{"0":{"start":{"line":17,"column":38},"end":{"line":32,"column":1}},"1":{"start":{"line":23,"column":18},"end":{"line":23,"column":56}},"2":{"start":{"line":24,"column":2},"end":{"line":31,"column":4}},"3":{"start":{"line":36,"column":15},"end":{"line":43,"column":2}}},"fnMap":{"0":{"name":"(anonymous_0)","decl":{"start":{"line":17,"column":38},"end":{"line":17,"column":39}},"loc":{"start":{"line":22,"column":6},"end":{"line":32,"column":1}},"line":22}},"branchMap":{"0":{"loc":{"start":{"line":20,"column":2},"end":{"line":20,"column":18}},"type":"default-arg","locations":[{"start":{"line":20,"column":9},"end":{"line":20,"column":18}}],"line":20},"1":{"loc":{"start":{"line":23,"column":18},"end":{"line":23,"column":56}},"type":"cond-expr","locations":[{"start":{"line":23,"column":39},"end":{"line":23,"column":45}},{"start":{"line":23,"column":48},"end":{"line":23,"column":56}}],"line":23}},"s":{"0":1,"1":6,"2":6,"3":1},"f":{"0":6},"b":{"0":[5],"1":[5,1]},"_coverageSchema":"1a1c01bbd47fc00a2c39e90264f33305004495a9","hash":"15383d4bfd9ca95d1279eb042ec4fc21f2a4022e"}
,"/Users/codexanb015/Documents/Project/expo-project/simple-crud/components/DeleteModal.tsx": {"path":"/Users/codexanb015/Documents/Project/expo-project/simple-crud/components/DeleteModal.tsx","statementMap":{"0":{"start":{"line":11,"column":72},"end":{"line":40,"column":1}},"1":{"start":{"line":17,"column":2},"end":{"line":39,"column":4}},"2":{"start":{"line":44,"column":15},"end":{"line":64,"column":2}}},"fnMap":{"0":{"name":"(anonymous_0)","decl":{"start":{"line":11,"column":72},"end":{"line":11,"column":73}},"loc":{"start":{"line":16,"column":6},"end":{"line":40,"column":1}},"line":16}},"branchMap":{},"s":{"0":1,"1":3,"2":1},"f":{"0":3},"b":{},"_coverageSchema":"1a1c01bbd47fc00a2c39e90264f33305004495a9","hash":"97a941effd7ef439bbc624c90b6cd8d12172be8c"}
,"/Users/codexanb015/Documents/Project/expo-project/simple-crud/components/ListItem.tsx": {"path":"/Users/codexanb015/Documents/Project/expo-project/simple-crud/components/ListItem.tsx","statementMap":{"0":{"start":{"line":12,"column":42},"end":{"line":25,"column":1}},"1":{"start":{"line":13,"column":2},"end":{"line":24,"column":4}},"2":{"start":{"line":29,"column":15},"end":{"line":43,"column":2}}},"fnMap":{"0":{"name":"(anonymous_0)","decl":{"start":{"line":12,"column":42},"end":{"line":12,"column":43}},"loc":{"start":{"line":12,"column":74},"end":{"line":25,"column":1}},"line":12}},"branchMap":{},"s":{"0":1,"1":1,"2":1},"f":{"0":1},"b":{},"_coverageSchema":"1a1c01bbd47fc00a2c39e90264f33305004495a9","hash":"13e13a129a1510de10492fcca3962f79d48e741c"}
}
