TN:
SF:app/(home)/index.tsx
FN:14,Home
FN:52,(anonymous_1)
FN:55,(anonymous_2)
FN:56,(anonymous_3)
FNF:4
FNH:4
FNDA:3,Home
FNDA:1,(anonymous_1)
FNDA:1,(anonymous_2)
FNDA:1,(anonymous_3)
DA:15,3
DA:16,3
DA:53,1
DA:55,1
DA:56,1
DA:73,1
LF:6
LH:6
BRDA:29,0,0,3
BRDA:29,0,1,1
BRDA:38,1,0,3
BRDA:38,1,1,2
BRDA:38,1,2,1
BRDA:49,2,0,3
BRDA:49,2,1,2
BRDA:49,2,2,1
BRDA:67,3,0,3
BRDA:67,3,1,3
BRF:10
BRH:10
end_of_record
TN:
SF:components/Button.tsx
FN:17,(anonymous_0)
FNF:1
FNH:1
FNDA:6,(anonymous_0)
DA:17,1
DA:23,6
DA:24,6
DA:36,1
LF:4
LH:4
BRDA:20,0,0,5
BRDA:23,1,0,5
BRDA:23,1,1,1
BRF:3
BRH:3
end_of_record
TN:
SF:components/DeleteModal.tsx
FN:11,(anonymous_0)
FNF:1
FNH:1
FNDA:3,(anonymous_0)
DA:11,1
DA:17,3
DA:44,1
LF:3
LH:3
BRF:0
BRH:0
end_of_record
TN:
SF:components/ListItem.tsx
FN:12,(anonymous_0)
FNF:1
FNH:1
FNDA:1,(anonymous_0)
DA:12,1
DA:13,1
DA:29,1
LF:3
LH:3
BRF:0
BRH:0
end_of_record
